nettoyage du cache symfony ashile
>> cache     Clearing cache type "all" for "accueil" app and "dev" env
>> file+     /data/appli/ashile/data/accueil_dev-cli.lck
>> chmod 777 /data/appli/ashile/data/accueil_dev-cli.lck
>> file-     /data/appli/ashile/cache/accuei.../config_config_handlers.yml.php
>> file-     /data/appli/ashile/cache/accueil/dev/config/config_app.yml.php
>> file-     /data/appli/ashile/cache/accuei.../config/config_phpexcel.yml.php
>> file-     /data/appli/ashile/cache/accuei.../config/config_settings.yml.php
>> file-     /data/appli/ashile/data/accueil_dev-cli.lck
>> cache     Clearing cache type "all" for "accueil" app and "prod" env
>> file+     /data/appli/ashile/data/accueil_prod-cli.lck
>> chmod 777 /data/appli/ashile/data/accueil_prod-cli.lck
>> file-     /data/appli/ashile/cache/accuei.../config_config_handlers.yml.php
>> file-     /data/appli/ashile/cache/accuei...fig/config_core_compile.yml.php
>> file-     /data/appli/ashile/cache/accuei...les_main_config_filters.yml.php
>> file-     /data/appli/ashile/cache/accuei...ules_main_config_module.yml.php
>> file-     /data/appli/ashile/cache/accueil/prod/config/config_app.yml.php
>> file-     /data/appli/ashile/cache/accuei.../config/config_phpexcel.yml.php
>> file-     /data/appli/ashile/cache/accuei.../config/config_settings.yml.php
>> file-     /data/appli/ashile/cache/accuei...odules_main_config_view.yml.php
>> file-     /data/appli/ashile/cache/accuei.../config/config_autoload.yml.php
>> file-     /data/appli/ashile/cache/accuei...config/config_databases.yml.php
>> file-     /data/appli/ashile/cache/accuei...config/config_factories.yml.php
>> file-     /data/appli/ashile/cache/accuei...d/config/config_routing.yml.php
>> file-     /data/appli/ashile/cache/accuei...es_main_config_security.yml.php
>> file-     /data/appli/ashile/data/accueil_prod-cli.lck
>> cache     Clearing cache type "all" for "frontend" app and "dev" env
>> file+     /data/appli/ashile/data/frontend_dev-cli.lck
>> chmod 777 /data/appli/ashile/data/frontend_dev-cli.lck
>> file-     /data/appli/ashile/cache/fronte.../config_config_handlers.yml.php
>> file-     /data/appli/ashile/cache/frontend/dev/config/config_app.yml.php
>> file-     /data/appli/ashile/cache/fronte.../config/config_phpexcel.yml.php
>> file-     /data/appli/ashile/cache/fronte.../config/config_settings.yml.php
>> file-     /data/appli/ashile/data/frontend_dev-cli.lck
>> cache     Clearing cache type "all" for "frontend" app and "test" env
>> file+     /data/appli/ashile/data/frontend_test-cli.lck
>> chmod 777 /data/appli/ashile/data/frontend_test-cli.lck
>> file-     /data/appli/ashile/cache/fronte.../config_config_handlers.yml.php
>> file-     /data/appli/ashile/cache/frontend/test/config/config_app.yml.php
>> file-     /data/appli/ashile/cache/fronte.../config/config_phpexcel.yml.php
>> file-     /data/appli/ashile/cache/fronte.../config/config_settings.yml.php
>> file-     /data/appli/ashile/data/frontend_test-cli.lck
>> cache     Clearing cache type "all" for "frontend" app and "prod" env
>> file+     /data/appli/ashile/data/frontend_prod-cli.lck
>> chmod 777 /data/appli/ashile/data/frontend_prod-cli.lck
>> file-     /data/appli/ashile/cache/fronte...onsco/actions/actions.class.php
>> file-     /data/appli/ashile/cache/fronte...mplates/_list_batch_actions.php
>> file-     /data/appli/ashile/cache/fronte...nsco/templates/_list_header.php
>> file-     /data/appli/ashile/cache/fronte...onsco/templates/_form_field.php
>> file-     /data/appli/ashile/cache/fronte...sco/templates/_list_actions.php
>> file-     /data/appli/ashile/cache/fronte...sco/templates/_form_actions.php
>> file-     /data/appli/ashile/cache/fronte...co/templates/_form_fieldset.php
>> file-     /data/appli/ashile/cache/fronte...onsco/templates/editSuccess.php
>> file-     /data/appli/ashile/cache/fronte...oEtabnonsco/templates/_form.php
>> file-     /data/appli/ashile/cache/fronte...tabnonsco/templates/_assets.php
>> file-     /data/appli/ashile/cache/fronte...ates/_list_td_batch_actions.php
>> file-     /data/appli/ashile/cache/fronte.../templates/_list_td_tabular.php
>> file-     /data/appli/ashile/cache/fronte.../templates/_list_td_stacked.php
>> file-     /data/appli/ashile/cache/fronte...abnonsco/templates/_filters.php
>> file-     /data/appli/ashile/cache/fronte.../templates/_list_td_actions.php
>> file-     /data/appli/ashile/cache/fronte...mplates/_list_field_boolean.php
>> file-     /data/appli/ashile/cache/fronte.../templates/_list_th_stacked.php
>> file-     /data/appli/ashile/cache/fronte...onsco/templates/_pagination.php
>> file-     /data/appli/ashile/cache/fronte...nsco/templates/_list_footer.php
>> file-     /data/appli/ashile/cache/fronte...nonsco/templates/newSuccess.php
>> file-     /data/appli/ashile/cache/fronte...nsco/templates/indexSuccess.php
>> file-     /data/appli/ashile/cache/fronte...co/templates/_filters_field.php
>> file-     /data/appli/ashile/cache/fronte...abnonsco/templates/_flashes.php
>> file-     /data/appli/ashile/cache/fronte.../templates/_list_th_tabular.php
>> file-     /data/appli/ashile/cache/fronte...oEtabnonsco/templates/_list.php
>> file-     /data/appli/ashile/cache/fronte...nsco/templates/_form_header.php
>> file-     /data/appli/ashile/cache/fronte...nsco/templates/_form_footer.php
>> file-     /data/appli/ashile/cache/fronte...nonscoGeneratorHelper.class.php
>> file-     /data/appli/ashile/cache/fronte...eneratorConfiguration.class.php
>> file-     /data/appli/ashile/cache/fronte...ialiste_config_security.yml.php
>> file-     /data/appli/ashile/cache/fronte...s_reunion_config_module.yml.php
>> file-     /data/appli/ashile/cache/fronte...entation_config_filters.yml.php
>> file-     /data/appli/ashile/cache/fronte...s_dgesco_config_filters.yml.php
>> file-     /data/appli/ashile/cache/fronte...materiel_config_filters.yml.php
>> file-     /data/appli/ashile/cache/fronte...sportobtenu_config_view.yml.php
>> file-     /data/appli/ashile/cache/fronte..._enseignant_config_view.yml.php
>> file-     /data/appli/ashile/cache/fronte...ientation_config_module.yml.php
>> file-     /data/appli/ashile/cache/fronte...esdossier_config_module.yml.php
>> file-     /data/appli/ashile/cache/fronte...ules_dgesco_config_view.yml.php
>> file-     /data/appli/ashile/cache/fronte...ateriel_config_security.yml.php
>> file-     /data/appli/ashile/cache/fronte...andeavs_config_security.yml.php
>> file-     /data/appli/ashile/cache/fronte...s_eleve_config_security.yml.php
>> file-     /data/appli/ashile/cache/fronte...ncomplets_config_module.yml.php
>> file-     /data/appli/ashile/cache/fronte...transport_config_module.yml.php
>> file-     /data/appli/ashile/cache/fronte.../config_config_handlers.yml.php
>> file-     /data/appli/ashile/cache/fronte...nclusion_config_filters.yml.php
>> file-     /data/appli/ashile/cache/fronte...dules_bilan_config_view.yml.php
>> file-     /data/appli/ashile/cache/fronte...ransport_config_filters.yml.php
>> file-     /data/appli/ashile/cache/fronte...nismesuivit_config_view.yml.php
>> file-     /data/appli/ashile/cache/fronte...ortobtenu_config_module.yml.php
>> file-     /data/appli/ashile/cache/fronte..._tuteur_config_security.yml.php
>> file-     /data/appli/ashile/cache/fronte...les_alertes_config_view.yml.php
>> file-     /data/appli/ashile/cache/fronte...ntation_config_security.yml.php
>> file-     /data/appli/ashile/cache/fronte..._eleveavs_config_module.yml.php
>> file-     /data/appli/ashile/cache/fronte...nseignant_config_module.yml.php
>> file-     /data/appli/ashile/cache/fronte...ules_tuteur_config_view.yml.php
>> file-     /data/appli/ashile/cache/fronte...desessad_config_filters.yml.php
>> file-     /data/appli/ashile/cache/fronte...les_bilan_config_module.yml.php
>> file-     /data/appli/ashile/cache/fronte...sIncomplets_config_view.yml.php
>> file-     /data/appli/ashile/cache/fronte...ansport_config_security.yml.php
>> file-     /data/appli/ashile/cache/fronte...eleveavs_config_filters.yml.php
>> file-     /data/appli/ashile/cache/fronte...mandeavs_config_filters.yml.php
>> file-     /data/appli/ashile/cache/fronte...eignant_config_security.yml.php
>> file-     /data/appli/ashile/cache/fronte...bnonsco_config_security.yml.php
>> file-     /data/appli/ashile/cache/frontend/prod/config/config_app.yml.php
>> file-     /data/appli/ashile/cache/fronte...reunion_config_security.yml.php
>> file-     /data/appli/ashile/cache/fronte..._alertes_config_filters.yml.php
>> file-     /data/appli/ashile/cache/fronte...tabnonsco_config_module.yml.php
>> file-     /data/appli/ashile/cache/fronte.../config/config_phpexcel.yml.php
>> file-     /data/appli/ashile/cache/fronte...abnonsco_config_filters.yml.php
>> file-     /data/appli/ashile/cache/fronte.../config/config_settings.yml.php
>> file-     /data/appli/ashile/cache/fronte...es_eleve_config_filters.yml.php
>> file-     /data/appli/ashile/cache/fronte...modnonsco_config_module.yml.php
>> file-     /data/appli/ashile/cache/fronte...emateriel_config_module.yml.php
>> file-     /data/appli/ashile/cache/fronte...essadobtenu_config_view.yml.php
>> file-     /data/appli/ashile/cache/fronte...ivitexterne_config_view.yml.php
>> file-     /data/appli/ashile/cache/fronte...materiel_config_filters.yml.php
>> file-     /data/appli/ashile/cache/fronte...dnonsco_config_security.yml.php
>> file-     /data/appli/ashile/cache/fronte...sdossier_config_filters.yml.php
>> file-     /data/appli/ashile/cache/fronte..._reunion_config_filters.yml.php
>> file-     /data/appli/ashile/cache/fronte...ules_mdph_config_module.yml.php
>> file-     /data/appli/ashile/cache/fronte...s_alertes_config_module.yml.php
>> file-     /data/appli/ashile/cache/fronte...ateriel_config_security.yml.php
>> file-     /data/appli/ashile/cache/fronte...sadobtenu_config_module.yml.php
>> file-     /data/appli/ashile/cache/fronte...emateriel_config_module.yml.php
>> file-     /data/appli/ashile/cache/fronte.../config/config_autoload.yml.php
>> file-     /data/appli/ashile/cache/fronte...smesuivit_config_module.yml.php
>> file-     /data/appli/ashile/cache/fronte...config/config_databases.yml.php
>> file-     /data/appli/ashile/cache/fronte...nonsco_config_generator.yml.php
>> file-     /data/appli/ashile/cache/fronte...les_reunion_config_view.yml.php
>> file-     /data/appli/ashile/cache/fronte...omplets_config_security.yml.php
>> file-     /data/appli/ashile/cache/fronte...rtobtenu_config_filters.yml.php
>> file-     /data/appli/ashile/cache/fronte...esuivit_config_security.yml.php
>> file-     /data/appli/ashile/cache/fronte...ecialiste_config_module.yml.php
>> file-     /data/appli/ashile/cache/fronte...es_tuteur_config_module.yml.php
>> file-     /data/appli/ashile/cache/fronte...esessad_config_security.yml.php
>> file-     /data/appli/ashile/cache/fronte...config/config_factories.yml.php
>> file-     /data/appli/ashile/cache/fronte...les_mdph_config_filters.yml.php
>> file-     /data/appli/ashile/cache/fronte...s_tuteur_config_filters.yml.php
>> file-     /data/appli/ashile/cache/fronte...orientation_config_view.yml.php
>> file-     /data/appli/ashile/cache/fronte...inclusion_config_module.yml.php
>> file-     /data/appli/ashile/cache/fronte...externe_config_security.yml.php
>> file-     /data/appli/ashile/cache/fronte...detransport_config_view.yml.php
>> file-     /data/appli/ashile/cache/fronte...ientation_config_module.yml.php
>> file-     /data/appli/ashile/cache/fronte...ndesessad_config_module.yml.php
>> file-     /data/appli/ashile/cache/fronte...evemateriel_config_view.yml.php
>> file-     /data/appli/ashile/cache/fronte...itexterne_config_module.yml.php
>> file-     /data/appli/ashile/cache/fronte...ntation_config_security.yml.php
>> file-     /data/appli/ashile/cache/fronte...mandesessad_config_view.yml.php
>> file-     /data/appli/ashile/cache/fronte...odnonsco_config_filters.yml.php
>> file-     /data/appli/ashile/cache/fronte..._dgesco_config_security.yml.php
>> file-     /data/appli/ashile/cache/fronte...ecesdossier_config_view.yml.php
>> file-     /data/appli/ashile/cache/fronte...ules_menu_config_module.yml.php
>> file-     /data/appli/ashile/cache/fronte...entation_config_filters.yml.php
>> file-     /data/appli/ashile/cache/fronte...es_bilan_config_filters.yml.php
>> file-     /data/appli/ashile/cache/fronte...es_mdph_config_security.yml.php
>> file-     /data/appli/ashile/cache/fronte...es_eleveavs_config_view.yml.php
>> file-     /data/appli/ashile/cache/fronte...ndemateriel_config_view.yml.php
>> file-     /data/appli/ashile/cache/fronte...d/config/config_routing.yml.php
>> file-     /data/appli/ashile/cache/fronte...mesuivit_config_filters.yml.php
>> file-     /data/appli/ashile/cache/fronte...s_bilan_config_security.yml.php
>> file-     /data/appli/ashile/cache/fronte...es_dgesco_config_module.yml.php
>> file-     /data/appli/ashile/cache/fronte...dobtenu_config_security.yml.php
>> file-     /data/appli/ashile/cache/fronte...s_modnonsco_config_view.yml.php
>> file-     /data/appli/ashile/cache/fronte...emandeavs_config_module.yml.php
>> file-     /data/appli/ashile/cache/fronte...dossier_config_security.yml.php
>> file-     /data/appli/ashile/cache/fronte...adobtenu_config_filters.yml.php
>> file-     /data/appli/ashile/cache/fronte...leveavs_config_security.yml.php
>> file-     /data/appli/ashile/cache/fronte..._demandeavs_config_view.yml.php
>> file-     /data/appli/ashile/cache/fronte...clusion_config_security.yml.php
>> file-     /data/appli/ashile/cache/fronte...tobtenu_config_security.yml.php
>> file-     /data/appli/ashile/cache/fronte...les_eleve_config_module.yml.php
>> file-     /data/appli/ashile/cache/fronte...s_inclusion_config_view.yml.php
>> file-     /data/appli/ashile/cache/fronte...odules_mdph_config_view.yml.php
>> file-     /data/appli/ashile/cache/fronte...specialiste_config_view.yml.php
>> file-     /data/appli/ashile/cache/fronte...orientation_config_view.yml.php
>> file-     /data/appli/ashile/cache/fronte...texterne_config_filters.yml.php
>> file-     /data/appli/ashile/cache/fronte...alertes_config_security.yml.php
>> file-     /data/appli/ashile/cache/fronte...complets_config_filters.yml.php
>> file-     /data/appli/ashile/cache/fronte..._etabnonsco_config_view.yml.php
>> file-     /data/appli/ashile/cache/fronte...cialiste_config_filters.yml.php
>> file-     /data/appli/ashile/cache/fronte...dules_eleve_config_view.yml.php
>> file-     /data/appli/ashile/cache/fronte...seignant_config_filters.yml.php
>> file-     /data/appli/ashile/data/frontend_prod-cli.lck
>> cache     Clearing cache type "all" for "academie" app and "dev" env
>> file+     /data/appli/ashile/data/academie_dev-cli.lck
>> chmod 777 /data/appli/ashile/data/academie_dev-cli.lck
>> file-     /data/appli/ashile/cache/academ.../config_config_handlers.yml.php
>> file-     /data/appli/ashile/cache/academie/dev/config/config_app.yml.php
>> file-     /data/appli/ashile/cache/academ.../config/config_phpexcel.yml.php
>> file-     /data/appli/ashile/cache/academ.../config/config_settings.yml.php
>> file-     /data/appli/ashile/data/academie_dev-cli.lck
>> cache     Clearing cache type "all" for "academie" app and "test" env
>> file+     /data/appli/ashile/data/academie_test-cli.lck
>> chmod 777 /data/appli/ashile/data/academie_test-cli.lck
>> file-     /data/appli/ashile/cache/academ.../config_config_handlers.yml.php
>> file-     /data/appli/ashile/cache/academie/test/config/config_app.yml.php
>> file-     /data/appli/ashile/cache/academ.../config/config_phpexcel.yml.php
>> file-     /data/appli/ashile/cache/academ.../config/config_settings.yml.php
>> file-     /data/appli/ashile/data/academie_test-cli.lck
>> cache     Clearing cache type "all" for "academie" app and "prod" env
>> file+     /data/appli/ashile/data/academie_prod-cli.lck
>> chmod 777 /data/appli/ashile/data/academie_prod-cli.lck
>> file-     /data/appli/ashile/cache/academ...absco/actions/actions.class.php
>> file-     /data/appli/ashile/cache/academ...mplates/_list_batch_actions.php
>> file-     /data/appli/ashile/cache/academ...bsco/templates/_list_header.php
>> file-     /data/appli/ashile/cache/academ...absco/templates/_form_field.php
>> file-     /data/appli/ashile/cache/academ...sco/templates/_list_actions.php
>> file-     /data/appli/ashile/cache/academ...sco/templates/_form_actions.php
>> file-     /data/appli/ashile/cache/academ...co/templates/_form_fieldset.php
>> file-     /data/appli/ashile/cache/academ...absco/templates/editSuccess.php
>> file-     /data/appli/ashile/cache/academ...autoEtabsco/templates/_form.php
>> file-     /data/appli/ashile/cache/academ...toEtabsco/templates/_assets.php
>> file-     /data/appli/ashile/cache/academ...ates/_list_td_batch_actions.php
>> file-     /data/appli/ashile/cache/academ.../templates/_list_td_tabular.php
>> file-     /data/appli/ashile/cache/academ.../templates/_list_td_stacked.php
>> file-     /data/appli/ashile/cache/academ...oEtabsco/templates/_filters.php
>> file-     /data/appli/ashile/cache/academ.../templates/_list_td_actions.php
>> file-     /data/appli/ashile/cache/academ...mplates/_list_field_boolean.php
>> file-     /data/appli/ashile/cache/academ.../templates/_list_th_stacked.php
>> file-     /data/appli/ashile/cache/academ...absco/templates/_pagination.php
>> file-     /data/appli/ashile/cache/academ...bsco/templates/_list_footer.php
>> file-     /data/appli/ashile/cache/academ...tabsco/templates/newSuccess.php
>> file-     /data/appli/ashile/cache/academ...bsco/templates/indexSuccess.php
>> file-     /data/appli/ashile/cache/academ...co/templates/_filters_field.php
>> file-     /data/appli/ashile/cache/academ...oEtabsco/templates/_flashes.php
>> file-     /data/appli/ashile/cache/academ.../templates/_list_th_tabular.php
>> file-     /data/appli/ashile/cache/academ...autoEtabsco/templates/_list.php
>> file-     /data/appli/ashile/cache/academ...bsco/templates/_form_header.php
>> file-     /data/appli/ashile/cache/academ...bsco/templates/_form_footer.php
>> file-     /data/appli/ashile/cache/academ...tabscoGeneratorHelper.class.php
>> file-     /data/appli/ashile/cache/academ...eneratorConfiguration.class.php
>> file-     /data/appli/ashile/cache/academ...onsco/actions/actions.class.php
>> file-     /data/appli/ashile/cache/academ...mplates/_list_batch_actions.php
>> file-     /data/appli/ashile/cache/academ...nsco/templates/_list_header.php
>> file-     /data/appli/ashile/cache/academ...onsco/templates/_form_field.php
>> file-     /data/appli/ashile/cache/academ...sco/templates/_list_actions.php
>> file-     /data/appli/ashile/cache/academ...sco/templates/_form_actions.php
>> file-     /data/appli/ashile/cache/academ...co/templates/_form_fieldset.php
>> file-     /data/appli/ashile/cache/academ...onsco/templates/editSuccess.php
>> file-     /data/appli/ashile/cache/academ...oEtabnonsco/templates/_form.php
>> file-     /data/appli/ashile/cache/academ...tabnonsco/templates/_assets.php
>> file-     /data/appli/ashile/cache/academ...ates/_list_td_batch_actions.php
>> file-     /data/appli/ashile/cache/academ.../templates/_list_td_tabular.php
>> file-     /data/appli/ashile/cache/academ.../templates/_list_td_stacked.php
>> file-     /data/appli/ashile/cache/academ...abnonsco/templates/_filters.php
>> file-     /data/appli/ashile/cache/academ.../templates/_list_td_actions.php
>> file-     /data/appli/ashile/cache/academ...mplates/_list_field_boolean.php
>> file-     /data/appli/ashile/cache/academ.../templates/_list_th_stacked.php
>> file-     /data/appli/ashile/cache/academ...onsco/templates/_pagination.php
>> file-     /data/appli/ashile/cache/academ...nsco/templates/_list_footer.php
>> file-     /data/appli/ashile/cache/academ...nonsco/templates/newSuccess.php
>> file-     /data/appli/ashile/cache/academ...nsco/templates/indexSuccess.php
>> file-     /data/appli/ashile/cache/academ...co/templates/_filters_field.php
>> file-     /data/appli/ashile/cache/academ...abnonsco/templates/_flashes.php
>> file-     /data/appli/ashile/cache/academ.../templates/_list_th_tabular.php
>> file-     /data/appli/ashile/cache/academ...oEtabnonsco/templates/_list.php
>> file-     /data/appli/ashile/cache/academ...nsco/templates/_form_header.php
>> file-     /data/appli/ashile/cache/academ...nsco/templates/_form_footer.php
>> file-     /data/appli/ashile/cache/academ...nonscoGeneratorHelper.class.php
>> file-     /data/appli/ashile/cache/academ...eneratorConfiguration.class.php
>> file-     /data/appli/ashile/cache/academ...toAvs/actions/actions.class.php
>> file-     /data/appli/ashile/cache/academ...mplates/_list_batch_actions.php
>> file-     /data/appli/ashile/cache/academ...oAvs/templates/_list_header.php
>> file-     /data/appli/ashile/cache/academ...toAvs/templates/_form_field.php
>> file-     /data/appli/ashile/cache/academ...Avs/templates/_list_actions.php
>> file-     /data/appli/ashile/cache/academ...Avs/templates/_form_actions.php
>> file-     /data/appli/ashile/cache/academ...vs/templates/_form_fieldset.php
>> file-     /data/appli/ashile/cache/academ...toAvs/templates/editSuccess.php
>> file-     /data/appli/ashile/cache/academ...les/autoAvs/templates/_form.php
>> file-     /data/appli/ashile/cache/academ...s/autoAvs/templates/_assets.php
>> file-     /data/appli/ashile/cache/academ...ates/_list_td_batch_actions.php
>> file-     /data/appli/ashile/cache/academ.../templates/_list_td_tabular.php
>> file-     /data/appli/ashile/cache/academ.../templates/_list_td_stacked.php
>> file-     /data/appli/ashile/cache/academ.../autoAvs/templates/_filters.php
>> file-     /data/appli/ashile/cache/academ.../templates/_list_td_actions.php
>> file-     /data/appli/ashile/cache/academ...mplates/_list_field_boolean.php
>> file-     /data/appli/ashile/cache/academ.../templates/_list_th_stacked.php
>> file-     /data/appli/ashile/cache/academ...toAvs/templates/_pagination.php
>> file-     /data/appli/ashile/cache/academ...oAvs/templates/_list_footer.php
>> file-     /data/appli/ashile/cache/academ...utoAvs/templates/newSuccess.php
>> file-     /data/appli/ashile/cache/academ...oAvs/templates/indexSuccess.php
>> file-     /data/appli/ashile/cache/academ...vs/templates/_filters_field.php
>> file-     /data/appli/ashile/cache/academ.../autoAvs/templates/_flashes.php
>> file-     /data/appli/ashile/cache/academ.../templates/_list_th_tabular.php
>> file-     /data/appli/ashile/cache/academ...les/autoAvs/templates/_list.php
>> file-     /data/appli/ashile/cache/academ...oAvs/templates/_form_header.php
>> file-     /data/appli/ashile/cache/academ...oAvs/templates/_form_footer.php
>> file-     /data/appli/ashile/cache/academ...eneratorConfiguration.class.php
>> file-     /data/appli/ashile/cache/academ...aseAvsGeneratorHelper.class.php
>> file-     /data/appli/ashile/cache/academ...eriel/actions/actions.class.php
>> file-     /data/appli/ashile/cache/academ...mplates/_list_batch_actions.php
>> file-     /data/appli/ashile/cache/academ...riel/templates/_list_header.php
>> file-     /data/appli/ashile/cache/academ...eriel/templates/_form_field.php
>> file-     /data/appli/ashile/cache/academ...iel/templates/_list_actions.php
>> file-     /data/appli/ashile/cache/academ...iel/templates/_form_actions.php
>> file-     /data/appli/ashile/cache/academ...el/templates/_form_fieldset.php
>> file-     /data/appli/ashile/cache/academ...eriel/templates/editSuccess.php
>> file-     /data/appli/ashile/cache/academ...nt_materiel/templates/_form.php
>> file-     /data/appli/ashile/cache/academ..._materiel/templates/_assets.php
>> file-     /data/appli/ashile/cache/academ...ates/_list_td_batch_actions.php
>> file-     /data/appli/ashile/cache/academ.../templates/_list_td_tabular.php
>> file-     /data/appli/ashile/cache/academ.../templates/_list_td_stacked.php
>> file-     /data/appli/ashile/cache/academ...materiel/templates/_filters.php
>> file-     /data/appli/ashile/cache/academ.../templates/_list_td_actions.php
>> file-     /data/appli/ashile/cache/academ...mplates/_list_field_boolean.php
>> file-     /data/appli/ashile/cache/academ.../templates/_list_th_stacked.php
>> file-     /data/appli/ashile/cache/academ...eriel/templates/_pagination.php
>> file-     /data/appli/ashile/cache/academ...riel/templates/_list_footer.php
>> file-     /data/appli/ashile/cache/academ...teriel/templates/newSuccess.php
>> file-     /data/appli/ashile/cache/academ...riel/templates/indexSuccess.php
>> file-     /data/appli/ashile/cache/academ...el/templates/_filters_field.php
>> file-     /data/appli/ashile/cache/academ...materiel/templates/_flashes.php
>> file-     /data/appli/ashile/cache/academ.../templates/_list_th_tabular.php
>> file-     /data/appli/ashile/cache/academ...nt_materiel/templates/_list.php
>> file-     /data/appli/ashile/cache/academ...riel/templates/_form_header.php
>> file-     /data/appli/ashile/cache/academ...riel/templates/_form_footer.php
>> file-     /data/appli/ashile/cache/academ...terielGeneratorHelper.class.php
>> file-     /data/appli/ashile/cache/academ...eneratorConfiguration.class.php
>> file-     /data/appli/ashile/cache/academ...oMdph/actions/actions.class.php
>> file-     /data/appli/ashile/cache/academ...mplates/_list_batch_actions.php
>> file-     /data/appli/ashile/cache/academ...Mdph/templates/_list_header.php
>> file-     /data/appli/ashile/cache/academ...oMdph/templates/_form_field.php
>> file-     /data/appli/ashile/cache/academ...dph/templates/_list_actions.php
>> file-     /data/appli/ashile/cache/academ...dph/templates/_form_actions.php
>> file-     /data/appli/ashile/cache/academ...ph/templates/_form_fieldset.php
>> file-     /data/appli/ashile/cache/academ...oMdph/templates/editSuccess.php
>> file-     /data/appli/ashile/cache/academ...es/autoMdph/templates/_form.php
>> file-     /data/appli/ashile/cache/academ.../autoMdph/templates/_assets.php
>> file-     /data/appli/ashile/cache/academ...ates/_list_td_batch_actions.php
>> file-     /data/appli/ashile/cache/academ.../templates/_list_td_tabular.php
>> file-     /data/appli/ashile/cache/academ.../templates/_list_td_stacked.php
>> file-     /data/appli/ashile/cache/academ...autoMdph/templates/_filters.php
>> file-     /data/appli/ashile/cache/academ.../templates/_list_td_actions.php
>> file-     /data/appli/ashile/cache/academ...mplates/_list_field_boolean.php
>> file-     /data/appli/ashile/cache/academ.../templates/_list_th_stacked.php
>> file-     /data/appli/ashile/cache/academ...oMdph/templates/_pagination.php
>> file-     /data/appli/ashile/cache/academ...Mdph/templates/_list_footer.php
>> file-     /data/appli/ashile/cache/academ...toMdph/templates/newSuccess.php
>> file-     /data/appli/ashile/cache/academ...Mdph/templates/indexSuccess.php
>> file-     /data/appli/ashile/cache/academ...ph/templates/_filters_field.php
>> file-     /data/appli/ashile/cache/academ...autoMdph/templates/_flashes.php
>> file-     /data/appli/ashile/cache/academ.../templates/_list_th_tabular.php
>> file-     /data/appli/ashile/cache/academ...es/autoMdph/templates/_list.php
>> file-     /data/appli/ashile/cache/academ...Mdph/templates/_form_header.php
>> file-     /data/appli/ashile/cache/academ...Mdph/templates/_form_footer.php
>> file-     /data/appli/ashile/cache/academ...eneratorConfiguration.class.php
>> file-     /data/appli/ashile/cache/academ...seMdphGeneratorHelper.class.php
>> file-     /data/appli/ashile/cache/academ...essad/actions/actions.class.php
>> file-     /data/appli/ashile/cache/academ...mplates/_list_batch_actions.php
>> file-     /data/appli/ashile/cache/academ...ssad/templates/_list_header.php
>> file-     /data/appli/ashile/cache/academ...essad/templates/_form_field.php
>> file-     /data/appli/ashile/cache/academ...sad/templates/_list_actions.php
>> file-     /data/appli/ashile/cache/academ...sad/templates/_form_actions.php
>> file-     /data/appli/ashile/cache/academ...ad/templates/_form_fieldset.php
>> file-     /data/appli/ashile/cache/academ...essad/templates/editSuccess.php
>> file-     /data/appli/ashile/cache/academ.../autoSessad/templates/_form.php
>> file-     /data/appli/ashile/cache/academ...utoSessad/templates/_assets.php
>> file-     /data/appli/ashile/cache/academ...ates/_list_td_batch_actions.php
>> file-     /data/appli/ashile/cache/academ.../templates/_list_td_tabular.php
>> file-     /data/appli/ashile/cache/academ.../templates/_list_td_stacked.php
>> file-     /data/appli/ashile/cache/academ...toSessad/templates/_filters.php
>> file-     /data/appli/ashile/cache/academ.../templates/_list_td_actions.php
>> file-     /data/appli/ashile/cache/academ...mplates/_list_field_boolean.php
>> file-     /data/appli/ashile/cache/academ.../templates/_list_th_stacked.php
>> file-     /data/appli/ashile/cache/academ...essad/templates/_pagination.php
>> file-     /data/appli/ashile/cache/academ...ssad/templates/_list_footer.php
>> file-     /data/appli/ashile/cache/academ...Sessad/templates/newSuccess.php
>> file-     /data/appli/ashile/cache/academ...ssad/templates/indexSuccess.php
>> file-     /data/appli/ashile/cache/academ...ad/templates/_filters_field.php
>> file-     /data/appli/ashile/cache/academ...toSessad/templates/_flashes.php
>> file-     /data/appli/ashile/cache/academ.../templates/_list_th_tabular.php
>> file-     /data/appli/ashile/cache/academ.../autoSessad/templates/_list.php
>> file-     /data/appli/ashile/cache/academ...ssad/templates/_form_header.php
>> file-     /data/appli/ashile/cache/academ...ssad/templates/_form_footer.php
>> file-     /data/appli/ashile/cache/academ...SessadGeneratorHelper.class.php
>> file-     /data/appli/ashile/cache/academ...eneratorConfiguration.class.php
>> file-     /data/appli/ashile/cache/academ...laire/actions/actions.class.php
>> file-     /data/appli/ashile/cache/academ...mplates/_list_batch_actions.php
>> file-     /data/appli/ashile/cache/academ...aire/templates/_list_header.php
>> file-     /data/appli/ashile/cache/academ...laire/templates/_form_field.php
>> file-     /data/appli/ashile/cache/academ...ire/templates/_list_actions.php
>> file-     /data/appli/ashile/cache/academ...ire/templates/_form_actions.php
>> file-     /data/appli/ashile/cache/academ...re/templates/_form_fieldset.php
>> file-     /data/appli/ashile/cache/academ...laire/templates/editSuccess.php
>> file-     /data/appli/ashile/cache/academ...eauscolaire/templates/_form.php
>> file-     /data/appli/ashile/cache/academ...uscolaire/templates/_assets.php
>> file-     /data/appli/ashile/cache/academ...ates/_list_td_batch_actions.php
>> file-     /data/appli/ashile/cache/academ.../templates/_list_td_tabular.php
>> file-     /data/appli/ashile/cache/academ.../templates/_list_td_stacked.php
>> file-     /data/appli/ashile/cache/academ...scolaire/templates/_filters.php
>> file-     /data/appli/ashile/cache/academ.../templates/_list_td_actions.php
>> file-     /data/appli/ashile/cache/academ...mplates/_list_field_boolean.php
>> file-     /data/appli/ashile/cache/academ.../templates/_list_th_stacked.php
>> file-     /data/appli/ashile/cache/academ...laire/templates/_pagination.php
>> file-     /data/appli/ashile/cache/academ...aire/templates/_list_footer.php
>> file-     /data/appli/ashile/cache/academ...olaire/templates/newSuccess.php
>> file-     /data/appli/ashile/cache/academ...aire/templates/indexSuccess.php
>> file-     /data/appli/ashile/cache/academ...re/templates/_filters_field.php
>> file-     /data/appli/ashile/cache/academ...scolaire/templates/_flashes.php
>> file-     /data/appli/ashile/cache/academ.../templates/_list_th_tabular.php
>> file-     /data/appli/ashile/cache/academ...eauscolaire/templates/_list.php
>> file-     /data/appli/ashile/cache/academ...aire/templates/_form_header.php
>> file-     /data/appli/ashile/cache/academ...aire/templates/_form_footer.php
>> file-     /data/appli/ashile/cache/academ...olaireGeneratorHelper.class.php
>> file-     /data/appli/ashile/cache/academ...eneratorConfiguration.class.php
>> file-     /data/appli/ashile/cache/academ...respe/actions/actions.class.php
>> file-     /data/appli/ashile/cache/academ...mplates/_list_batch_actions.php
>> file-     /data/appli/ashile/cache/academ...espe/templates/_list_header.php
>> file-     /data/appli/ashile/cache/academ...respe/templates/_form_field.php
>> file-     /data/appli/ashile/cache/academ...spe/templates/_list_actions.php
>> file-     /data/appli/ashile/cache/academ...spe/templates/_form_actions.php
>> file-     /data/appli/ashile/cache/academ...pe/templates/_form_fieldset.php
>> file-     /data/appli/ashile/cache/academ...respe/templates/editSuccess.php
>> file-     /data/appli/ashile/cache/academ...scolairespe/templates/_form.php
>> file-     /data/appli/ashile/cache/academ...olairespe/templates/_assets.php
>> file-     /data/appli/ashile/cache/academ...ates/_list_td_batch_actions.php
>> file-     /data/appli/ashile/cache/academ.../templates/_list_td_tabular.php
>> file-     /data/appli/ashile/cache/academ.../templates/_list_td_stacked.php
>> file-     /data/appli/ashile/cache/academ...lairespe/templates/_filters.php
>> file-     /data/appli/ashile/cache/academ.../templates/_list_td_actions.php
>> file-     /data/appli/ashile/cache/academ...mplates/_list_field_boolean.php
>> file-     /data/appli/ashile/cache/academ.../templates/_list_th_stacked.php
>> file-     /data/appli/ashile/cache/academ...respe/templates/_pagination.php
>> file-     /data/appli/ashile/cache/academ...espe/templates/_list_footer.php
>> file-     /data/appli/ashile/cache/academ...irespe/templates/newSuccess.php
>> file-     /data/appli/ashile/cache/academ...espe/templates/indexSuccess.php
>> file-     /data/appli/ashile/cache/academ...pe/templates/_filters_field.php
>> file-     /data/appli/ashile/cache/academ...lairespe/templates/_flashes.php
>> file-     /data/appli/ashile/cache/academ.../templates/_list_th_tabular.php
>> file-     /data/appli/ashile/cache/academ...scolairespe/templates/_list.php
>> file-     /data/appli/ashile/cache/academ...espe/templates/_form_header.php
>> file-     /data/appli/ashile/cache/academ...espe/templates/_form_footer.php
>> file-     /data/appli/ashile/cache/academ...eneratorConfiguration.class.php
>> file-     /data/appli/ashile/cache/academ...irespeGeneratorHelper.class.php
>> file-     /data/appli/ashile/cache/academ...lasse/actions/actions.class.php
>> file-     /data/appli/ashile/cache/academ...mplates/_list_batch_actions.php
>> file-     /data/appli/ashile/cache/academ...asse/templates/_list_header.php
>> file-     /data/appli/ashile/cache/academ...lasse/templates/_form_field.php
>> file-     /data/appli/ashile/cache/academ...sse/templates/_list_actions.php
>> file-     /data/appli/ashile/cache/academ...sse/templates/_form_actions.php
>> file-     /data/appli/ashile/cache/academ...se/templates/_form_fieldset.php
>> file-     /data/appli/ashile/cache/academ...lasse/templates/editSuccess.php
>> file-     /data/appli/ashile/cache/academ.../autoClasse/templates/_form.php
>> file-     /data/appli/ashile/cache/academ...utoClasse/templates/_assets.php
>> file-     /data/appli/ashile/cache/academ...ates/_list_td_batch_actions.php
>> file-     /data/appli/ashile/cache/academ.../templates/_list_td_tabular.php
>> file-     /data/appli/ashile/cache/academ.../templates/_list_td_stacked.php
>> file-     /data/appli/ashile/cache/academ...toClasse/templates/_filters.php
>> file-     /data/appli/ashile/cache/academ.../templates/_list_td_actions.php
>> file-     /data/appli/ashile/cache/academ...mplates/_list_field_boolean.php
>> file-     /data/appli/ashile/cache/academ.../templates/_list_th_stacked.php
>> file-     /data/appli/ashile/cache/academ...lasse/templates/_pagination.php
>> file-     /data/appli/ashile/cache/academ...asse/templates/_list_footer.php
>> file-     /data/appli/ashile/cache/academ...Classe/templates/newSuccess.php
>> file-     /data/appli/ashile/cache/academ...asse/templates/indexSuccess.php
>> file-     /data/appli/ashile/cache/academ...se/templates/_filters_field.php
>> file-     /data/appli/ashile/cache/academ...toClasse/templates/_flashes.php
>> file-     /data/appli/ashile/cache/academ.../templates/_list_th_tabular.php
>> file-     /data/appli/ashile/cache/academ.../autoClasse/templates/_list.php
>> file-     /data/appli/ashile/cache/academ...asse/templates/_form_header.php
>> file-     /data/appli/ashile/cache/academ...asse/templates/_form_footer.php
>> file-     /data/appli/ashile/cache/academ...ClasseGeneratorHelper.class.php
>> file-     /data/appli/ashile/cache/academ...eneratorConfiguration.class.php
>> file-     /data/appli/ashile/cache/academ...entation_config_filters.yml.php
>> file-     /data/appli/ashile/cache/academ...s_mdph_config_generator.yml.php
>> file-     /data/appli/ashile/cache/academ...nfig/config_pdf_configs.yml.php
>> file-     /data/appli/ashile/cache/academ...contrat_avs_config_view.yml.php
>> file-     /data/appli/ashile/cache/academ...olairespe_config_module.yml.php
>> file-     /data/appli/ashile/cache/academ...materiel_config_filters.yml.php
>> file-     /data/appli/ashile/cache/academ..._enseignant_config_view.yml.php
>> file-     /data/appli/ashile/cache/academ...osition_avs_config_view.yml.php
>> file-     /data/appli/ashile/cache/academ...ition_avs_config_module.yml.php
>> file-     /data/appli/ashile/cache/academ...scolaire_config_filters.yml.php
>> file-     /data/appli/ashile/cache/academ...andeavs_config_security.yml.php
>> file-     /data/appli/ashile/cache/academ...s_eleve_config_security.yml.php
>> file-     /data/appli/ashile/cache/academ.../config_config_handlers.yml.php
>> file-     /data/appli/ashile/cache/academ...nclusion_config_filters.yml.php
>> file-     /data/appli/ashile/cache/academ..._etabsco_config_filters.yml.php
>> file-     /data/appli/ashile/cache/academ...leve_avs_config_filters.yml.php
>> file-     /data/appli/ashile/cache/academ...ion_avs_config_security.yml.php
>> file-     /data/appli/ashile/cache/academ..._default_config_filters.yml.php
>> file-     /data/appli/ashile/cache/academ...les_etabsco_config_view.yml.php
>> file-     /data/appli/ashile/cache/academ...ntation_config_security.yml.php
>> file-     /data/appli/ashile/cache/academ...s_eleve_avs_config_view.yml.php
>> file-     /data/appli/ashile/cache/academ...es_suiviDSM_config_view.yml.php
>> file-     /data/appli/ashile/cache/academ...rat_avs_config_security.yml.php
>> file-     /data/appli/ashile/cache/academ...nseignant_config_module.yml.php
>> file-     /data/appli/ashile/cache/academ...materiel_config_filters.yml.php
>> file-     /data/appli/ashile/cache/academ..._sessad_config_security.yml.php
>> file-     /data/appli/ashile/cache/academ...mandeavs_config_filters.yml.php
>> file-     /data/appli/ashile/cache/academ...dules_avs_config_module.yml.php
>> file-     /data/appli/ashile/cache/academ...eignant_config_security.yml.php
>> file-     /data/appli/ashile/cache/academ...modules_avs_config_view.yml.php
>> file-     /data/appli/ashile/cache/academ...s_sessad_config_filters.yml.php
>> file-     /data/appli/ashile/cache/academ...bnonsco_config_security.yml.php
>> file-     /data/appli/ashile/cache/academie/prod/config/config_app.yml.php
>> file-     /data/appli/ashile/cache/academ...tabnonsco_config_module.yml.php
>> file-     /data/appli/ashile/cache/academ.../config/config_phpexcel.yml.php
>> file-     /data/appli/ashile/cache/academ...abnonsco_config_filters.yml.php
>> file-     /data/appli/ashile/cache/academ.../config/config_settings.yml.php
>> file-     /data/appli/ashile/cache/academ...es_eleve_config_filters.yml.php
>> file-     /data/appli/ashile/cache/academ...etabsco_config_security.yml.php
>> file-     /data/appli/ashile/cache/academ...ules_avs_config_filters.yml.php
>> file-     /data/appli/ashile/cache/academ...les_avs_config_security.yml.php
>> file-     /data/appli/ashile/cache/academ...emateriel_config_module.yml.php
>> file-     /data/appli/ashile/cache/academ...ve_materiel_config_view.yml.php
>> file-     /data/appli/ashile/cache/academ...scolairespe_config_view.yml.php
>> file-     /data/appli/ashile/cache/academ...eve_avs_config_security.yml.php
>> file-     /data/appli/ashile/cache/academ...s_classe_config_filters.yml.php
>> file-     /data/appli/ashile/cache/academ...ules_mdph_config_module.yml.php
>> file-     /data/appli/ashile/cache/academ...s_etabsco_config_module.yml.php
>> file-     /data/appli/ashile/cache/academ...ateriel_config_security.yml.php
>> file-     /data/appli/ashile/cache/academ...materiel_config_filters.yml.php
>> file-     /data/appli/ashile/cache/academ...ateriel_config_security.yml.php
>> file-     /data/appli/ashile/cache/academ..._materiel_config_module.yml.php
>> file-     /data/appli/ashile/cache/academ.../config/config_autoload.yml.php
>> file-     /data/appli/ashile/cache/academ...default_config_security.yml.php
>> file-     /data/appli/ashile/cache/academ...ules_classe_config_view.yml.php
>> file-     /data/appli/ashile/cache/academ...tabsco_config_generator.yml.php
>> file-     /data/appli/ashile/cache/academ..._materiel_config_module.yml.php
>> file-     /data/appli/ashile/cache/academ...es_materiel_config_view.yml.php
>> file-     /data/appli/ashile/cache/academ..._classe_config_security.yml.php
>> file-     /data/appli/ashile/cache/academ...config/config_databases.yml.php
>> file-     /data/appli/ashile/cache/academ...tion_avs_config_filters.yml.php
>> file-     /data/appli/ashile/cache/academ...nonsco_config_generator.yml.php
>> file-     /data/appli/ashile/cache/academ...olaire_config_generator.yml.php
>> file-     /data/appli/ashile/cache/academ...materiel_config_filters.yml.php
>> file-     /data/appli/ashile/cache/academ...airespe_config_security.yml.php
>> file-     /data/appli/ashile/cache/academ...es_avs_config_generator.yml.php
>> file-     /data/appli/ashile/cache/academ...nt_materiel_config_view.yml.php
>> file-     /data/appli/ashile/cache/academ...teriel_config_generator.yml.php
>> file-     /data/appli/ashile/cache/academ...config/config_factories.yml.php
>> file-     /data/appli/ashile/cache/academ...eleve_avs_config_module.yml.php
>> file-     /data/appli/ashile/cache/academ...les_mdph_config_filters.yml.php
>> file-     /data/appli/ashile/cache/academ...s_default_config_module.yml.php
>> file-     /data/appli/ashile/cache/academ...es_classe_config_module.yml.php
>> file-     /data/appli/ashile/cache/academ...orientation_config_view.yml.php
>> file-     /data/appli/ashile/cache/academ...inclusion_config_module.yml.php
>> file-     /data/appli/ashile/cache/academ...ientation_config_module.yml.php
>> file-     /data/appli/ashile/cache/academ...ntrat_avs_config_module.yml.php
>> file-     /data/appli/ashile/cache/academ...classe_config_generator.yml.php
>> file-     /data/appli/ashile/cache/academ...colaire_config_security.yml.php
>> file-     /data/appli/ashile/cache/academ...es_sessad_config_module.yml.php
>> file-     /data/appli/ashile/cache/academ..._suiviDSM_config_module.yml.php
>> file-     /data/appli/ashile/cache/academ...ateriel_config_security.yml.php
>> file-     /data/appli/ashile/cache/academ...es_mdph_config_security.yml.php
>> file-     /data/appli/ashile/cache/academ...suiviDSM_config_filters.yml.php
>> file-     /data/appli/ashile/cache/academ...ndemateriel_config_view.yml.php
>> file-     /data/appli/ashile/cache/academ...d/config/config_routing.yml.php
>> file-     /data/appli/ashile/cache/academ..._materiel_config_module.yml.php
>> file-     /data/appli/ashile/cache/academ...emandeavs_config_module.yml.php
>> file-     /data/appli/ashile/cache/academ...irespe_config_generator.yml.php
>> file-     /data/appli/ashile/cache/academ...ules_sessad_config_view.yml.php
>> file-     /data/appli/ashile/cache/academ...trat_avs_config_filters.yml.php
>> file-     /data/appli/ashile/cache/academ...uiviDSM_config_security.yml.php
>> file-     /data/appli/ashile/cache/academ...sessad_config_generator.yml.php
>> file-     /data/appli/ashile/cache/academ..._demandeavs_config_view.yml.php
>> file-     /data/appli/ashile/cache/academ...les_default_config_view.yml.php
>> file-     /data/appli/ashile/cache/academ...clusion_config_security.yml.php
>> file-     /data/appli/ashile/cache/academ...uscolaire_config_module.yml.php
>> file-     /data/appli/ashile/cache/academ...les_eleve_config_module.yml.php
>> file-     /data/appli/ashile/cache/academ...eauscolaire_config_view.yml.php
>> file-     /data/appli/ashile/cache/academ...s_inclusion_config_view.yml.php
>> file-     /data/appli/ashile/cache/academ...lairespe_config_filters.yml.php
>> file-     /data/appli/ashile/cache/academ..._etabnonsco_config_view.yml.php
>> file-     /data/appli/ashile/cache/academ...ateriel_config_security.yml.php
>> file-     /data/appli/ashile/cache/academ...dules_eleve_config_view.yml.php
>> file-     /data/appli/ashile/cache/academ...seignant_config_filters.yml.php
>> file-     /data/appli/ashile/data/academie_prod-cli.lck
